#
# There is insufficient memory for the Java Runtime Environment to continue.
# Native memory allocation (malloc) failed to allocate 32744 bytes for ChunkPool::allocate
# Possible reasons:
#   The system is out of physical RAM or swap space
#   In 32 bit mode, the process size limit was hit
# Possible solutions:
#   Reduce memory load on the system
#   Increase physical memory or swap space
#   Check if swap backing store is full
#   Use 64 bit Java on a 64 bit OS
#   Decrease Java heap size (-Xmx/-Xms)
#   Decrease number of Java threads
#   Decrease Java thread stack sizes (-Xss)
#   Set larger code cache with -XX:ReservedCodeCacheSize=
# This output file may be truncated or incomplete.
#
#  Out of Memory Error (allocation.cpp:273), pid=10052, tid=0x00000000000022a4
#
# JRE version: Java(TM) SE Runtime Environment (8.0_162-b12) (build 1.8.0_162-b12)
# Java VM: Java HotSpot(TM) 64-Bit Server VM (25.162-b12 mixed mode windows-amd64 compressed oops)
# Failed to write core dump. Minidumps are not enabled by default on client versions of Windows
#

---------------  T H R E A D  ---------------

Current thread (0x000000000210c800):  JavaThread "main" [_thread_in_vm, id=8868, stack(0x00000000021e0000,0x00000000022e0000)]

Stack: [0x00000000021e0000,0x00000000022e0000]
[error occurred during error reporting (printing stack bounds), id 0xc0000005]

Native frames: (J=compiled Java code, j=interpreted, Vv=VM code, C=native code)

Java frames: (J=compiled Java code, j=interpreted, Vv=VM code)
j  sun.misc.Unsafe.defineAnonymousClass(Ljava/lang/Class;[B[Ljava/lang/Object;)Ljava/lang/Class;+0
j  java.lang.invoke.InvokerBytecodeGenerator.loadAndInitializeInvokerClass([B[Ljava/lang/Object;)Ljava/lang/Class;+8
j  java.lang.invoke.InvokerBytecodeGenerator.loadMethod([B)Ljava/lang/invoke/MemberName;+6
j  java.lang.invoke.InvokerBytecodeGenerator.generateCustomizedCode(Ljava/lang/invoke/LambdaForm;Ljava/lang/invoke/MethodType;)Ljava/lang/invoke/MemberName;+17
j  java.lang.invoke.LambdaForm.compileToBytecode()Ljava/lang/invoke/MemberName;+65
j  java.lang.invoke.LambdaForm.prepare()V+14
j  java.lang.invoke.MethodHandle.<init>(Ljava/lang/invoke/MethodType;Ljava/lang/invoke/LambdaForm;)V+31
j  java.lang.invoke.DelegatingMethodHandle.<init>(Ljava/lang/invoke/MethodType;Ljava/lang/invoke/MethodHandle;)V+6
j  java.lang.invoke.MethodHandleImpl$IntrinsicMethodHandle.<init>(Ljava/lang/invoke/MethodHandle;Ljava/lang/invoke/MethodHandleImpl$Intrinsic;)V+6
j  java.lang.invoke.MethodHandleImpl.makeIntrinsic(Ljava/lang/invoke/MethodHandle;Ljava/lang/invoke/MethodHandleImpl$Intrinsic;)Ljava/lang/invoke/MethodHandle;+16
j  java.lang.invoke.MethodHandleImpl.makeArrays()[Ljava/lang/invoke/MethodHandle;+35
j  java.lang.invoke.MethodHandleImpl.access$000()[Ljava/lang/invoke/MethodHandle;+0
j  java.lang.invoke.MethodHandleImpl$Lazy.<clinit>()V+5
v  ~StubRoutines::call_stub
j  java.lang.invoke.MethodHandleImpl.varargsArray(I)Ljava/lang/invoke/MethodHandle;+0
j  java.lang.invoke.MethodHandleImpl.varargsArray(Ljava/lang/Class;I)Ljava/lang/invoke/MethodHandle;+121
j  java.lang.invoke.MethodHandle.asCollector(Ljava/lang/Class;I)Ljava/lang/invoke/MethodHandle;+36
j  java.lang.invoke.MethodHandleImpl$AsVarargsCollector.<init>(Ljava/lang/invoke/MethodType;Ljava/lang/invoke/MethodHandle;Ljava/lang/Class;)V+20
j  java.lang.invoke.MethodHandleImpl$AsVarargsCollector.<init>(Ljava/lang/invoke/MethodHandle;Ljava/lang/Class;)V+7
j  java.lang.invoke.MethodHandleImpl.makeVarargsCollector(Ljava/lang/invoke/MethodHandle;Ljava/lang/Class;)Ljava/lang/invoke/MethodHandle;+43
j  java.lang.invoke.MethodHandle.setVarargs(Ljava/lang/invoke/MemberName;)Ljava/lang/invoke/MethodHandle;+26
j  java.lang.invoke.MethodHandles$Lookup.getDirectMethodCommon(BLjava/lang/Class;Ljava/lang/invoke/MemberName;ZZLjava/lang/Class;)Ljava/lang/invoke/MethodHandle;+263
j  java.lang.invoke.MethodHandles$Lookup.getDirectMethod(BLjava/lang/Class;Ljava/lang/invoke/MemberName;Ljava/lang/Class;)Ljava/lang/invoke/MethodHandle;+8
j  java.lang.invoke.MethodHandles$Lookup.findStatic(Ljava/lang/Class;Ljava/lang/String;Ljava/lang/invoke/MethodType;)Ljava/lang/invoke/MethodHandle;+23
j  java.lang.invoke.CallSite.<clinit>()V+35
v  ~StubRoutines::call_stub
j  java.lang.invoke.MethodHandleNatives.linkCallSiteImpl(Ljava/lang/Class;Ljava/lang/invoke/MethodHandle;Ljava/lang/String;Ljava/lang/invoke/MethodType;Ljava/lang/Object;[Ljava/lang/Object;)Ljava/lang/invoke/MemberName;+6
j  java.lang.invoke.MethodHandleNatives.linkCallSite(Ljava/lang/Object;Ljava/lang/Object;Ljava/lang/Object;Ljava/lang/Object;Ljava/lang/Object;[Ljava/lang/Object;)Ljava/lang/invoke/MemberName;+45
v  ~StubRoutines::call_stub
j  com.google.devtools.common.options.IsolatedOptionsData.getAllOptionDefinitionsForClass(Ljava/lang/Class;)Lcom/google/common/collect/ImmutableList;+4
j  com.google.devtools.common.options.IsolatedOptionsData.from(Ljava/util/Collection;)Lcom/google/devtools/common/options/IsolatedOptionsData;+138
j  com.google.devtools.common.options.OptionsData.from(Ljava/util/Collection;)Lcom/google/devtools/common/options/OptionsData;+1
j  com.google.devtools.common.options.OptionsParser.getOptionsDataInternal(Ljava/util/List;)Lcom/google/devtools/common/options/OptionsData;+23
j  com.google.devtools.common.options.OptionsParser.newOptionsParser(Ljava/lang/Iterable;)Lcom/google/devtools/common/options/OptionsParser;+4
j  com.google.devtools.common.options.OptionsParser.newOptionsParser(Ljava/lang/Class;)Lcom/google/devtools/common/options/OptionsParser;+4
j  com.google.devtools.common.options.Options.parseAndExitUponError(Ljava/lang/Class;Z[Ljava/lang/String;)Lcom/google/devtools/common/options/Options;+3
j  com.google.devtools.build.android.desugar.Desugar.parseCommandLineOptions([Ljava/lang/String;)Lcom/google/devtools/build/android/desugar/Desugar$DesugarOptions;+54
j  com.google.devtools.build.android.desugar.Desugar.main([Ljava/lang/String;)V+9
v  ~StubRoutines::call_stub

---------------  P R O C E S S  ---------------

Java Threads: ( => current thread )
  0x0000000054b24000 JavaThread "Service Thread" daemon [_thread_blocked, id=5760, stack(0x0000000055560000,0x0000000055660000)]
  0x0000000052add000 JavaThread "C1 CompilerThread2" daemon [_thread_in_native, id=8552, stack(0x0000000055450000,0x0000000055550000)]
  0x0000000054ab4800 JavaThread "C2 CompilerThread1" daemon [_thread_blocked, id=9796, stack(0x00000000552c0000,0x00000000553c0000)]
  0x0000000054aad000 JavaThread "C2 CompilerThread0" daemon [_thread_blocked, id=9644, stack(0x0000000055060000,0x0000000055160000)]
  0x0000000052ad4800 JavaThread "Attach Listener" daemon [_thread_blocked, id=10176, stack(0x0000000054eb0000,0x0000000054fb0000)]
  0x0000000052ad9000 JavaThread "Signal Dispatcher" daemon [_thread_blocked, id=9824, stack(0x0000000054860000,0x0000000054960000)]
  0x0000000052ac0800 JavaThread "Finalizer" daemon [_thread_blocked, id=6572, stack(0x00000000549a0000,0x0000000054aa0000)]
  0x0000000052a79800 JavaThread "Reference Handler" daemon [_thread_blocked, id=9440, stack(0x00000000546c0000,0x00000000547c0000)]
=>0x000000000210c800 JavaThread "main" [_thread_in_vm, id=8868, stack(0x00000000021e0000,0x00000000022e0000)]

Other Threads:
  0x0000000052a72000 VMThread [stack: 0x0000000054520000,0x0000000054620000] [id=3588]
  0x0000000054b4a800 WatcherThread [stack: 0x0000000055680000,0x0000000055780000] [id=5156]

VM state:not at safepoint (normal execution)

VM Mutex/Monitor currently owned by a thread: None

Heap:
 PSYoungGen      total 18944K, used 4039K [0x00000000feb00000, 0x0000000100000000, 0x0000000100000000)
  eden space 16384K, 24% used [0x00000000feb00000,0x00000000feef1d10,0x00000000ffb00000)
  from space 2560K, 0% used [0x00000000ffd80000,0x00000000ffd80000,0x0000000100000000)
  to   space 2560K, 0% used [0x00000000ffb00000,0x00000000ffb00000,0x00000000ffd80000)
 ParOldGen       total 44032K, used 0K [0x00000000fc000000, 0x00000000feb00000, 0x00000000feb00000)
  object space 44032K, 0% used [0x00000000fc000000,0x00000000fc000000,0x00000000feb00000)
 Metaspace       used 4965K, capacity 5114K, committed 5376K, reserved 1056768K
  class space    used 561K, capacity 643K, committed 768K, reserved 1048576K

Card table byte_map: [0x0000000011970000,0x00000000119a0000] byte_map_base: 0x0000000011190000

Marking Bits: (ParMarkBitMap*) 0x00000000541d0860
 Begin Bits: [0x0000000011ee0000, 0x0000000011fe0000)
 End Bits:   [0x0000000011fe0000, 0x00000000120e0000)

Polling page: 0x0000000001b60000

CodeCache: size=245760Kb used=1554Kb max_used=1554Kb free=244205Kb
 bounds [0x00000000025b0000, 0x0000000002820000, 0x00000000115b0000]
 total_blobs=568 nmethods=265 adapters=216
 compilation: enabled

Compilation events (10 events):
Event: 0.660 Thread 0x0000000052add000 nmethod 250 0x000000000272e5d0 code [0x000000000272e740, 0x000000000272e9c8]
Event: 0.660 Thread 0x0000000052add000  251       3       java.lang.invoke.MethodTypeForm::canonicalize (233 bytes)
Event: 0.661 Thread 0x0000000052add000 nmethod 251 0x000000000272ee50 code [0x000000000272f0a0, 0x000000000272fc58]
Event: 0.661 Thread 0x0000000052add000  249       3       jdk.internal.org.objectweb.asm.Frame::push (110 bytes)
Event: 0.661 Thread 0x0000000052add000 nmethod 249 0x0000000002730010 code [0x00000000027301a0, 0x00000000027306a8]
Event: 0.661 Thread 0x0000000052add000  255       3       java.util.Collections$UnmodifiableCollection$1::hasNext (10 bytes)
Event: 0.661 Thread 0x0000000052add000 nmethod 255 0x0000000002730890 code [0x0000000002730a00, 0x0000000002730c28]
Event: 0.661 Thread 0x0000000052add000  256       3       java.lang.invoke.InvokerBytecodeGenerator::isStaticallyNameable (116 bytes)
Event: 0.662 Thread 0x0000000052add000 nmethod 256 0x00000000027312d0 code [0x0000000002731620, 0x0000000002733598]
Event: 0.662 Thread 0x0000000052add000  262       3       jdk.internal.org.objectweb.asm.Frame::execute (2252 bytes)

GC Heap History (0 events):
No events

Deoptimization events (0 events):
No events

Classes redefined (0 events):
No events

Internal exceptions (3 events):
Event: 0.036 Thread 0x000000000210c800 Exception <a 'java/lang/NoSuchMethodError': Method sun.misc.Unsafe.defineClass(Ljava/lang/String;[BII)Ljava/lang/Class; name or signature does not match> (0x00000000feb07ca0) thrown at [C:\re\workspace\8-2-build-windows-amd64-cygwin\jdk8u162\10278\hotspot
Event: 0.036 Thread 0x000000000210c800 Exception <a 'java/lang/NoSuchMethodError': Method sun.misc.Unsafe.prefetchRead(Ljava/lang/Object;J)V name or signature does not match> (0x00000000feb07f88) thrown at [C:\re\workspace\8-2-build-windows-amd64-cygwin\jdk8u162\10278\hotspot\src\share\vm\prim
Event: 0.612 Thread 0x000000000210c800 Exception <a 'sun/nio/fs/WindowsException'> (0x00000000fed1a740) thrown at [C:\re\workspace\8-2-build-windows-amd64-cygwin\jdk8u162\10278\hotspot\src\share\vm\prims\jni.cpp, line 709]

Events (10 events):
Event: 0.653 loading class java/lang/invoke/MethodHandleImpl$AsVarargsCollector
Event: 0.653 loading class java/lang/invoke/DelegatingMethodHandle
Event: 0.653 loading class java/lang/invoke/DelegatingMethodHandle done
Event: 0.653 loading class java/lang/invoke/MethodHandleImpl$AsVarargsCollector done
Event: 0.653 loading class java/lang/invoke/WrongMethodTypeException
Event: 0.653 loading class java/lang/invoke/WrongMethodTypeException done
Event: 0.655 loading class java/lang/invoke/MethodHandleImpl$Lazy
Event: 0.655 loading class java/lang/invoke/MethodHandleImpl$Lazy done
Event: 0.655 loading class java/lang/invoke/MethodHandleImpl$IntrinsicMethodHandle
Event: 0.655 loading class java/lang/invoke/MethodHandleImpl$IntrinsicMethodHandle done


Dynamic libraries:
0x000000013f7f0000 - 0x000000013f827000 	C:\Program Files\Java\jdk1.8.0_162\bin\java.exe
0x0000000077a20000 - 0x0000000077bbf000 	C:\Windows\SYSTEM32\ntdll.dll
0x0000000077900000 - 0x0000000077a1f000 	C:\Windows\system32\kernel32.dll
0x000007fefd870000 - 0x000007fefd8da000 	C:\Windows\system32\KERNELBASE.dll
0x000007feffc30000 - 0x000007feffd0b000 	C:\Windows\system32\ADVAPI32.dll
0x000007feff150000 - 0x000007feff1ef000 	C:\Windows\system32\msvcrt.dll
0x000007fefdc30000 - 0x000007fefdc4f000 	C:\Windows\SYSTEM32\sechost.dll
0x000007feff970000 - 0x000007feffa9d000 	C:\Windows\system32\RPCRT4.dll
0x0000000077730000 - 0x000000007782a000 	C:\Windows\system32\USER32.dll
0x000007feff5e0000 - 0x000007feff647000 	C:\Windows\system32\GDI32.dll
0x000007feff1f0000 - 0x000007feff1fe000 	C:\Windows\system32\LPK.dll
0x000007feff430000 - 0x000007feff4fb000 	C:\Windows\system32\USP10.dll
0x000007fefc270000 - 0x000007fefc464000 	C:\Windows\WinSxS\amd64_microsoft.windows.common-controls_6595b64144ccf1df_6.0.7601.18837_none_fa3b1e3d17594757\COMCTL32.dll
0x000007fefea80000 - 0x000007fefeaf1000 	C:\Windows\system32\SHLWAPI.dll
0x000007fefedf0000 - 0x000007fefee1e000 	C:\Windows\system32\IMM32.DLL
0x000007fefdb10000 - 0x000007fefdc19000 	C:\Windows\system32\MSCTF.dll
0x000000005e760000 - 0x000000005e831000 	C:\Program Files\Java\jdk1.8.0_162\jre\bin\msvcr100.dll
0x00000000539b0000 - 0x0000000054250000 	C:\Program Files\Java\jdk1.8.0_162\jre\bin\server\jvm.dll
0x000007fef4940000 - 0x000007fef4949000 	C:\Windows\system32\WSOCK32.dll
0x000007feff200000 - 0x000007feff24d000 	C:\Windows\system32\WS2_32.dll
0x000007fefdc20000 - 0x000007fefdc28000 	C:\Windows\system32\NSI.dll
0x000007fef9e90000 - 0x000007fef9ecb000 	C:\Windows\system32\WINMM.dll
0x000007fefc7d0000 - 0x000007fefc7dc000 	C:\Windows\system32\VERSION.dll
0x0000000077bd0000 - 0x0000000077bd7000 	C:\Windows\system32\PSAPI.DLL
0x000000006b500000 - 0x000000006b50f000 	C:\Program Files\Java\jdk1.8.0_162\jre\bin\verify.dll
0x00000000682c0000 - 0x00000000682e9000 	C:\Program Files\Java\jdk1.8.0_162\jre\bin\java.dll
0x000000006b280000 - 0x000000006b296000 	C:\Program Files\Java\jdk1.8.0_162\jre\bin\zip.dll
0x000007fefdc50000 - 0x000007fefe9db000 	C:\Windows\system32\SHELL32.dll
0x000007feff650000 - 0x000007feff84d000 	C:\Windows\system32\ole32.dll
0x000007fefd700000 - 0x000007fefd70f000 	C:\Windows\system32\profapi.dll
0x000007fefcee0000 - 0x000007fefcef8000 	C:\Windows\system32\CRYPTSP.dll
0x000007fefcbe0000 - 0x000007fefcc27000 	C:\Windows\system32\rsaenh.dll
0x000007fefd730000 - 0x000007fefd74e000 	C:\Windows\system32\USERENV.dll
0x000007fefd550000 - 0x000007fefd55f000 	C:\Windows\system32\CRYPTBASE.dll
0x000000006b060000 - 0x000000006b07a000 	C:\Program Files\Java\jdk1.8.0_162\jre\bin\net.dll
0x000007fefce80000 - 0x000007fefced5000 	C:\Windows\system32\mswsock.dll
0x000007fefce70000 - 0x000007fefce77000 	C:\Windows\System32\wship6.dll
0x000007fefaf70000 - 0x000007fefaf97000 	C:\Windows\system32\IPHLPAPI.DLL
0x000007fefaf10000 - 0x000007fefaf1b000 	C:\Windows\system32\WINNSI.DLL
0x000007fefad40000 - 0x000007fefad51000 	C:\Windows\system32\dhcpcsvc6.DLL
0x000007fefad20000 - 0x000007fefad38000 	C:\Windows\system32\dhcpcsvc.DLL
0x000000006ad80000 - 0x000000006ad91000 	C:\Program Files\Java\jdk1.8.0_162\jre\bin\nio.dll

VM Arguments:
jvm_args: -Djava.awt.headless=true -Xmx64M -Dfile.encoding=windows-1256 -Duser.country=US -Duser.language=en -Duser.variant 
java_command: com.google.devtools.build.android.desugar.Desugar --input F:\Toolz\Programming\Android\ASWorkspacez\LiveStyled\app\build\tmp\kotlin-classes\debug --output F:\Toolz\Programming\Android\ASWorkspacez\LiveStyled\app\build\intermediates\transforms\desugar\debug\1 --classpath_entry F:\Toolz\Programming\Android\ASWorkspacez\LiveStyled\app\build\intermediates\classes\debug --classpath_entry F:\Toolz\Programming\Android\ASWorkspacez\LiveStyled\app\build\tmp\kotlin-classes\debug --classpath_entry F:\Toolz\Programming\Android\ASWorkspacez\LiveStyled\app\build\tmp\kapt3\classes\debug --classpath_entry F:\Toolz\Programming\Android\ASWorkspacez\LiveStyled\app\build\intermediates\transforms\stackFramesFixer\debug\15.jar --classpath_entry F:\Toolz\Programming\Android\ASWorkspacez\LiveStyled\app\build\intermediates\transforms\stackFramesFixer\debug\40.jar --classpath_entry F:\Toolz\Programming\Android\ASWorkspacez\LiveStyled\app\build\intermediates\transforms\stackFramesFixer\debug\31.jar --classpath_entry F:\Toolz\Programming\Android\ASWorkspacez\LiveStyled\app\build\intermediates\transforms\stackFramesFixer\debug\58.jar --classpath_entry F:\Toolz\Programming\Android\ASWorkspacez\LiveStyled\app\build\intermediates\transforms\stackFramesFixer\debug\22.jar --classpath_entry F:\Toolz\Programming\Android\ASWorkspacez\LiveStyled\app\build\intermediates\transforms\stackFramesFixer\debug\24.jar --classpath_entry F:\Toolz\Programming\Android\ASWorkspacez\LiveStyled\app\build\intermediates\transforms\stackFramesFixer\debug\1.jar --classpath_entry F:\Toolz\Programming\Android\ASWorkspacez\LiveStyled\app\build\intermediates\transforms\stackFramesFixer\debug\30.jar --classpath_entry F:\Toolz\Programming\Android\ASWorkspacez\LiveStyled\app\build\intermediates\transforms\stackFramesFixer\debug\59.jar --classpath_entry F:\Toolz\Programming\Android\ASWorkspacez\LiveStyled\app\build\intermediates\transforms\stackFramesFixer\debug\56.jar --classpath_entry F:\Toolz\Programming\Android
java_class_path (initial): C:\Users\Dr.jacky\AppData\Local\Temp\desugar_deploy.jar4780002126354982374
Launcher Type: SUN_STANDARD

Environment Variables:
JAVA_HOME=C:\Program Files\Java\jdk1.8.0_162
PATH=C:\ProgramData\Oracle\Java\javapath;C:\Program Files (x86)\AMD APP\bin\x86_64;C:\Program Files (x86)\AMD APP\bin\x86;C:\Program Files (x86)\Intel\iCLS Client\;C:\Program Files\Intel\iCLS Client\;C:\Program Files\Common Files\Microsoft Shared\Windows Live;C:\Perl64\site\bin;C:\Perl64\bin;C:\Program Files (x86)\NVIDIA Corporation\PhysX\Common;C:\Windows\system32;C:\Windows;C:\Windows\System32\Wbem;C:\Windows\System32\WindowsPowerShell\v1.0\;C:\Program Files (x86)\ATI Technologies\ATI.ACE\Core-Static;C:\Program Files (x86)\MKVToolNix;C:\Program Files\Microsoft SQL Server\110\DTS\Binn\;C:\Program Files (x86)\Microsoft SQL Server\110\Tools\Binn\;C:\Program Files\Microsoft SQL Server\110\Tools\Binn\;C:\Program Files (x86)\Microsoft SQL Server\110\Tools\Binn\ManagementStudio\;C:\Program Files (x86)\Microsoft Visual Studio 10.0\Common7\IDE\PrivateAssemblies\;C:\Program Files (x86)\Microsoft SQL Server\110\DTS\Binn\;C:\Program Files\OpenVPN\bin;C:\adb;C:\Program Files (x86)\AMD\ATI.ACE\Core-Static;F:\Toolz\Programming\Android\sdk\platform-tools;C:\Program Files\Java\jdk1.8.0_162\bin;C:\Program Files\nodejs\;C:\Program Files\Git\cmd;C:\Python36-32\Scripts\;C:\Python36-32\;C:\Program Files\Common Files\Microsoft Shared\Windows Live;C:\Users\Dr.jacky\AppData\Roaming\npm
USERNAME=Dr.jacky
OS=Windows_NT
PROCESSOR_IDENTIFIER=Intel64 Family 6 Model 42 Stepping 7, GenuineIntel



---------------  S Y S T E M  ---------------

OS: Windows 7 , 64 bit Build 7601 (6.1.7601.24094)

CPU:total 4 (initial active 4) (4 cores per cpu, 1 threads per core) family 6 model 42 stepping 7, cmov, cx8, fxsr, mmx, sse, sse2, sse3, ssse3, sse4.1, sse4.2, popcnt, avx, aes, clmul, tsc, tscinvbit

Memory: 4k page, physical 8369416k(724068k free), swap 10464692k(5120k free)

vm_info: Java HotSpot(TM) 64-Bit Server VM (25.162-b12) for windows-amd64 JRE (1.8.0_162-b12), built on Dec 19 2017 20:00:03 by "java_re" with MS VC++ 10.0 (VS2010)

time: Fri Jun 22 17:17:48 2018
elapsed time: 0 seconds (0d 0h 0m 0s)

