#
# There is insufficient memory for the Java Runtime Environment to continue.
# Native memory allocation (malloc) failed to allocate 32744 bytes for ChunkPool::allocate
# Possible reasons:
#   The system is out of physical RAM or swap space
#   In 32 bit mode, the process size limit was hit
# Possible solutions:
#   Reduce memory load on the system
#   Increase physical memory or swap space
#   Check if swap backing store is full
#   Use 64 bit Java on a 64 bit OS
#   Decrease Java heap size (-Xmx/-Xms)
#   Decrease number of Java threads
#   Decrease Java thread stack sizes (-Xss)
#   Set larger code cache with -XX:ReservedCodeCacheSize=
# This output file may be truncated or incomplete.
#
#  Out of Memory Error (allocation.cpp:273), pid=9496, tid=0x0000000000001e58
#
# JRE version: Java(TM) SE Runtime Environment (8.0_162-b12) (build 1.8.0_162-b12)
# Java VM: Java HotSpot(TM) 64-Bit Server VM (25.162-b12 mixed mode windows-amd64 compressed oops)
# Failed to write core dump. Minidumps are not enabled by default on client versions of Windows
#

---------------  T H R E A D  ---------------

Current thread (0x00000000549ed800):  JavaThread "C1 CompilerThread2" daemon [_thread_in_native, id=7768, stack(0x0000000055460000,0x0000000055560000)]

Stack: [0x0000000055460000,0x0000000055560000]
[error occurred during error reporting (printing stack bounds), id 0xc0000005]

Native frames: (J=compiled Java code, j=interpreted, Vv=VM code, C=native code)


Current CompileTask:
C1:    712  247       3       jdk.internal.org.objectweb.asm.Frame::execute (2252 bytes)


---------------  P R O C E S S  ---------------

Java Threads: ( => current thread )
  0x0000000054a51000 JavaThread "Service Thread" daemon [_thread_blocked, id=8840, stack(0x0000000055680000,0x0000000055780000)]
=>0x00000000549ed800 JavaThread "C1 CompilerThread2" daemon [_thread_in_native, id=7768, stack(0x0000000055460000,0x0000000055560000)]
  0x00000000549e0000 JavaThread "C2 CompilerThread1" daemon [_thread_blocked, id=8792, stack(0x0000000055350000,0x0000000055450000)]
  0x00000000549d9000 JavaThread "C2 CompilerThread0" daemon [_thread_blocked, id=9924, stack(0x0000000055230000,0x0000000055330000)]
  0x00000000549d3800 JavaThread "Attach Listener" daemon [_thread_blocked, id=6992, stack(0x0000000055010000,0x0000000055110000)]
  0x00000000549d2800 JavaThread "Signal Dispatcher" daemon [_thread_blocked, id=6368, stack(0x0000000054ea0000,0x0000000054fa0000)]
  0x0000000052c00800 JavaThread "Finalizer" daemon [_thread_blocked, id=9148, stack(0x00000000548d0000,0x00000000549d0000)]
  0x0000000052bb9800 JavaThread "Reference Handler" daemon [_thread_blocked, id=10232, stack(0x00000000546c0000,0x00000000547c0000)]
  0x000000000219c800 JavaThread "main" [_thread_in_vm, id=3948, stack(0x0000000002290000,0x0000000002390000)]

Other Threads:
  0x0000000052bb2000 VMThread [stack: 0x00000000545b0000,0x00000000546b0000] [id=6308]
  0x0000000054a96000 WatcherThread [stack: 0x0000000055860000,0x0000000055960000] [id=7344]

VM state:not at safepoint (normal execution)

VM Mutex/Monitor currently owned by a thread: None

Heap:
 PSYoungGen      total 18944K, used 4039K [0x00000000feb00000, 0x0000000100000000, 0x0000000100000000)
  eden space 16384K, 24% used [0x00000000feb00000,0x00000000feef1d68,0x00000000ffb00000)
  from space 2560K, 0% used [0x00000000ffd80000,0x00000000ffd80000,0x0000000100000000)
  to   space 2560K, 0% used [0x00000000ffb00000,0x00000000ffb00000,0x00000000ffd80000)
 ParOldGen       total 44032K, used 0K [0x00000000fc000000, 0x00000000feb00000, 0x00000000feb00000)
  object space 44032K, 0% used [0x00000000fc000000,0x00000000fc000000,0x00000000feb00000)
 Metaspace       used 4946K, capacity 5100K, committed 5248K, reserved 1056768K
  class space    used 557K, capacity 636K, committed 640K, reserved 1048576K

Card table byte_map: [0x0000000000170000,0x00000000001a0000] byte_map_base: 0xffffffffff990000

Marking Bits: (ParMarkBitMap*) 0x00000000541d0860
 Begin Bits: [0x0000000012020000, 0x0000000012120000)
 End Bits:   [0x0000000012120000, 0x0000000012220000)

Polling page: 0x0000000000140000

CodeCache: size=245760Kb used=1538Kb max_used=1538Kb free=244221Kb
 bounds [0x0000000002660000, 0x00000000028d0000, 0x0000000011660000]
 total_blobs=559 nmethods=256 adapters=216
 compilation: enabled

Compilation events (10 events):
Event: 0.660 Thread 0x00000000549ed800 nmethod 241 0x00000000027de610 code [0x00000000027de760, 0x00000000027de850]
Event: 0.660 Thread 0x00000000549ed800  242       1       java.lang.invoke.LambdaForm$Name::access$000 (5 bytes)
Event: 0.660 Thread 0x00000000549ed800 nmethod 242 0x00000000027de8d0 code [0x00000000027dea20, 0x00000000027deb10]
Event: 0.660 Thread 0x00000000549ed800  243       1       java.lang.invoke.LambdaForm$BasicType::basicTypeClass (5 bytes)
Event: 0.660 Thread 0x00000000549ed800 nmethod 243 0x00000000027deb90 code [0x00000000027dece0, 0x00000000027dedf0]
Event: 0.660 Thread 0x00000000549ed800  245   !   3       java.util.AbstractList$Itr::next (45 bytes)
Event: 0.660 Thread 0x00000000549ed800 nmethod 245 0x00000000027defd0 code [0x00000000027df1a0, 0x00000000027df7f8]
Event: 0.660 Thread 0x00000000549ed800  246       3       java.util.AbstractList$Itr::checkForComodification (23 bytes)
Event: 0.660 Thread 0x00000000549ed800 nmethod 246 0x00000000027dfad0 code [0x00000000027dfc40, 0x00000000027dfe68]
Event: 0.661 Thread 0x00000000549ed800  247       3       jdk.internal.org.objectweb.asm.Frame::execute (2252 bytes)

GC Heap History (0 events):
No events

Deoptimization events (0 events):
No events

Classes redefined (0 events):
No events

Internal exceptions (3 events):
Event: 0.036 Thread 0x000000000219c800 Exception <a 'java/lang/NoSuchMethodError': Method sun.misc.Unsafe.defineClass(Ljava/lang/String;[BII)Ljava/lang/Class; name or signature does not match> (0x00000000feb07ca0) thrown at [C:\re\workspace\8-2-build-windows-amd64-cygwin\jdk8u162\10278\hotspot
Event: 0.036 Thread 0x000000000219c800 Exception <a 'java/lang/NoSuchMethodError': Method sun.misc.Unsafe.prefetchRead(Ljava/lang/Object;J)V name or signature does not match> (0x00000000feb07f88) thrown at [C:\re\workspace\8-2-build-windows-amd64-cygwin\jdk8u162\10278\hotspot\src\share\vm\prim
Event: 0.614 Thread 0x000000000219c800 Exception <a 'sun/nio/fs/WindowsException'> (0x00000000fed1abd0) thrown at [C:\re\workspace\8-2-build-windows-amd64-cygwin\jdk8u162\10278\hotspot\src\share\vm\prims\jni.cpp, line 709]

Events (10 events):
Event: 0.654 loading class java/lang/invoke/MethodHandleImpl$AsVarargsCollector
Event: 0.654 loading class java/lang/invoke/DelegatingMethodHandle
Event: 0.654 loading class java/lang/invoke/DelegatingMethodHandle done
Event: 0.654 loading class java/lang/invoke/MethodHandleImpl$AsVarargsCollector done
Event: 0.654 loading class java/lang/invoke/WrongMethodTypeException
Event: 0.654 loading class java/lang/invoke/WrongMethodTypeException done
Event: 0.656 loading class java/lang/invoke/MethodHandleImpl$Lazy
Event: 0.656 loading class java/lang/invoke/MethodHandleImpl$Lazy done
Event: 0.656 loading class java/lang/invoke/MethodHandleImpl$IntrinsicMethodHandle
Event: 0.656 loading class java/lang/invoke/MethodHandleImpl$IntrinsicMethodHandle done


Dynamic libraries:
0x000000013f7f0000 - 0x000000013f827000 	C:\Program Files\Java\jdk1.8.0_162\bin\java.exe
0x0000000077a20000 - 0x0000000077bbf000 	C:\Windows\SYSTEM32\ntdll.dll
0x0000000077900000 - 0x0000000077a1f000 	C:\Windows\system32\kernel32.dll
0x000007fefd870000 - 0x000007fefd8da000 	C:\Windows\system32\KERNELBASE.dll
0x000007feffc30000 - 0x000007feffd0b000 	C:\Windows\system32\ADVAPI32.dll
0x000007feff150000 - 0x000007feff1ef000 	C:\Windows\system32\msvcrt.dll
0x000007fefdc30000 - 0x000007fefdc4f000 	C:\Windows\SYSTEM32\sechost.dll
0x000007feff970000 - 0x000007feffa9d000 	C:\Windows\system32\RPCRT4.dll
0x0000000077730000 - 0x000000007782a000 	C:\Windows\system32\USER32.dll
0x000007feff5e0000 - 0x000007feff647000 	C:\Windows\system32\GDI32.dll
0x000007feff1f0000 - 0x000007feff1fe000 	C:\Windows\system32\LPK.dll
0x000007feff430000 - 0x000007feff4fb000 	C:\Windows\system32\USP10.dll
0x000007fefc270000 - 0x000007fefc464000 	C:\Windows\WinSxS\amd64_microsoft.windows.common-controls_6595b64144ccf1df_6.0.7601.18837_none_fa3b1e3d17594757\COMCTL32.dll
0x000007fefea80000 - 0x000007fefeaf1000 	C:\Windows\system32\SHLWAPI.dll
0x000007fefedf0000 - 0x000007fefee1e000 	C:\Windows\system32\IMM32.DLL
0x000007fefdb10000 - 0x000007fefdc19000 	C:\Windows\system32\MSCTF.dll
0x000000005e760000 - 0x000000005e831000 	C:\Program Files\Java\jdk1.8.0_162\jre\bin\msvcr100.dll
0x00000000539b0000 - 0x0000000054250000 	C:\Program Files\Java\jdk1.8.0_162\jre\bin\server\jvm.dll
0x000007fef4940000 - 0x000007fef4949000 	C:\Windows\system32\WSOCK32.dll
0x000007feff200000 - 0x000007feff24d000 	C:\Windows\system32\WS2_32.dll
0x000007fefdc20000 - 0x000007fefdc28000 	C:\Windows\system32\NSI.dll
0x000007fef9e90000 - 0x000007fef9ecb000 	C:\Windows\system32\WINMM.dll
0x000007fefc7d0000 - 0x000007fefc7dc000 	C:\Windows\system32\VERSION.dll
0x0000000077bd0000 - 0x0000000077bd7000 	C:\Windows\system32\PSAPI.DLL
0x000000006b500000 - 0x000000006b50f000 	C:\Program Files\Java\jdk1.8.0_162\jre\bin\verify.dll
0x00000000682c0000 - 0x00000000682e9000 	C:\Program Files\Java\jdk1.8.0_162\jre\bin\java.dll
0x000000006b280000 - 0x000000006b296000 	C:\Program Files\Java\jdk1.8.0_162\jre\bin\zip.dll
0x000007fefdc50000 - 0x000007fefe9db000 	C:\Windows\system32\SHELL32.dll
0x000007feff650000 - 0x000007feff84d000 	C:\Windows\system32\ole32.dll
0x000007fefd700000 - 0x000007fefd70f000 	C:\Windows\system32\profapi.dll
0x000007fefcee0000 - 0x000007fefcef8000 	C:\Windows\system32\CRYPTSP.dll
0x000007fefcbe0000 - 0x000007fefcc27000 	C:\Windows\system32\rsaenh.dll
0x000007fefd730000 - 0x000007fefd74e000 	C:\Windows\system32\USERENV.dll
0x000007fefd550000 - 0x000007fefd55f000 	C:\Windows\system32\CRYPTBASE.dll
0x000000006b060000 - 0x000000006b07a000 	C:\Program Files\Java\jdk1.8.0_162\jre\bin\net.dll
0x000007fefce80000 - 0x000007fefced5000 	C:\Windows\system32\mswsock.dll
0x000007fefce70000 - 0x000007fefce77000 	C:\Windows\System32\wship6.dll
0x000007fefaf70000 - 0x000007fefaf97000 	C:\Windows\system32\IPHLPAPI.DLL
0x000007fefaf10000 - 0x000007fefaf1b000 	C:\Windows\system32\WINNSI.DLL
0x000007fefad40000 - 0x000007fefad51000 	C:\Windows\system32\dhcpcsvc6.DLL
0x000007fefad20000 - 0x000007fefad38000 	C:\Windows\system32\dhcpcsvc.DLL
0x000000006ad80000 - 0x000000006ad91000 	C:\Program Files\Java\jdk1.8.0_162\jre\bin\nio.dll

VM Arguments:
jvm_args: -Djava.awt.headless=true -Xmx64M -Dfile.encoding=windows-1256 -Duser.country=US -Duser.language=en -Duser.variant 
java_command: com.google.devtools.build.android.desugar.Desugar --input F:\Toolz\Programming\Android\ASWorkspacez\LiveStyled\app\build\intermediates\classes\debug --output F:\Toolz\Programming\Android\ASWorkspacez\LiveStyled\app\build\intermediates\transforms\desugar\debug\0 --classpath_entry F:\Toolz\Programming\Android\ASWorkspacez\LiveStyled\app\build\intermediates\classes\debug --classpath_entry F:\Toolz\Programming\Android\ASWorkspacez\LiveStyled\app\build\tmp\kotlin-classes\debug --classpath_entry F:\Toolz\Programming\Android\ASWorkspacez\LiveStyled\app\build\tmp\kapt3\classes\debug --classpath_entry F:\Toolz\Programming\Android\ASWorkspacez\LiveStyled\app\build\intermediates\transforms\stackFramesFixer\debug\15.jar --classpath_entry F:\Toolz\Programming\Android\ASWorkspacez\LiveStyled\app\build\intermediates\transforms\stackFramesFixer\debug\40.jar --classpath_entry F:\Toolz\Programming\Android\ASWorkspacez\LiveStyled\app\build\intermediates\transforms\stackFramesFixer\debug\31.jar --classpath_entry F:\Toolz\Programming\Android\ASWorkspacez\LiveStyled\app\build\intermediates\transforms\stackFramesFixer\debug\58.jar --classpath_entry F:\Toolz\Programming\Android\ASWorkspacez\LiveStyled\app\build\intermediates\transforms\stackFramesFixer\debug\22.jar --classpath_entry F:\Toolz\Programming\Android\ASWorkspacez\LiveStyled\app\build\intermediates\transforms\stackFramesFixer\debug\24.jar --classpath_entry F:\Toolz\Programming\Android\ASWorkspacez\LiveStyled\app\build\intermediates\transforms\stackFramesFixer\debug\1.jar --classpath_entry F:\Toolz\Programming\Android\ASWorkspacez\LiveStyled\app\build\intermediates\transforms\stackFramesFixer\debug\30.jar --classpath_entry F:\Toolz\Programming\Android\ASWorkspacez\LiveStyled\app\build\intermediates\transforms\stackFramesFixer\debug\59.jar --classpath_entry F:\Toolz\Programming\Android\ASWorkspacez\LiveStyled\app\build\intermediates\transforms\stackFramesFixer\debug\56.jar --classpath_entry F:\Toolz\Programming\Andr
java_class_path (initial): C:\Users\Dr.jacky\AppData\Local\Temp\desugar_deploy.jar4780002126354982374
Launcher Type: SUN_STANDARD

Environment Variables:
JAVA_HOME=C:\Program Files\Java\jdk1.8.0_162
PATH=C:\ProgramData\Oracle\Java\javapath;C:\Program Files (x86)\AMD APP\bin\x86_64;C:\Program Files (x86)\AMD APP\bin\x86;C:\Program Files (x86)\Intel\iCLS Client\;C:\Program Files\Intel\iCLS Client\;C:\Program Files\Common Files\Microsoft Shared\Windows Live;C:\Perl64\site\bin;C:\Perl64\bin;C:\Program Files (x86)\NVIDIA Corporation\PhysX\Common;C:\Windows\system32;C:\Windows;C:\Windows\System32\Wbem;C:\Windows\System32\WindowsPowerShell\v1.0\;C:\Program Files (x86)\ATI Technologies\ATI.ACE\Core-Static;C:\Program Files (x86)\MKVToolNix;C:\Program Files\Microsoft SQL Server\110\DTS\Binn\;C:\Program Files (x86)\Microsoft SQL Server\110\Tools\Binn\;C:\Program Files\Microsoft SQL Server\110\Tools\Binn\;C:\Program Files (x86)\Microsoft SQL Server\110\Tools\Binn\ManagementStudio\;C:\Program Files (x86)\Microsoft Visual Studio 10.0\Common7\IDE\PrivateAssemblies\;C:\Program Files (x86)\Microsoft SQL Server\110\DTS\Binn\;C:\Program Files\OpenVPN\bin;C:\adb;C:\Program Files (x86)\AMD\ATI.ACE\Core-Static;F:\Toolz\Programming\Android\sdk\platform-tools;C:\Program Files\Java\jdk1.8.0_162\bin;C:\Program Files\nodejs\;C:\Program Files\Git\cmd;C:\Python36-32\Scripts\;C:\Python36-32\;C:\Program Files\Common Files\Microsoft Shared\Windows Live;C:\Users\Dr.jacky\AppData\Roaming\npm
USERNAME=Dr.jacky
OS=Windows_NT
PROCESSOR_IDENTIFIER=Intel64 Family 6 Model 42 Stepping 7, GenuineIntel



---------------  S Y S T E M  ---------------

OS: Windows 7 , 64 bit Build 7601 (6.1.7601.24094)

CPU:total 4 (initial active 4) (4 cores per cpu, 1 threads per core) family 6 model 42 stepping 7, cmov, cx8, fxsr, mmx, sse, sse2, sse3, ssse3, sse4.1, sse4.2, popcnt, avx, aes, clmul, tsc, tscinvbit

Memory: 4k page, physical 8369416k(724068k free), swap 10464692k(5108k free)

vm_info: Java HotSpot(TM) 64-Bit Server VM (25.162-b12) for windows-amd64 JRE (1.8.0_162-b12), built on Dec 19 2017 20:00:03 by "java_re" with MS VC++ 10.0 (VS2010)

time: Fri Jun 22 17:17:48 2018
elapsed time: 0 seconds (0d 0h 0m 0s)

